<?xml version='1.0' encoding='utf-8'?>
<testsuites name="cocotb tests"><testsuite name="test_axi4_lite_slave" errors="0" failures="0" skipped="0" tests="4" time="0.031" timestamp="2026-09-12T18:07:26.809088+00:00" hostname="DESKTOP-1RKPDQD"><testcase classname="test_axi4_lite_slave" name="test_all_registers" time="0.015"><properties><property name="cocotb" value="True" /><property name="random_seed" value="1789236446" /><property name="file" value="C:\AXI4_lite\TB\cocotb_tb\test_axi4_lite_slave.py" /><property name="line" value="83" /><property name="sim_time_unit" value="ns" /><property name="sim_time_start" value="0.0" /><property name="sim_time_stop" value="430.0" /><property name="sim_time_duration" value="430.0" /><property name="sim_time_ratio" value="28666.666695589407" /></properties></testcase><testcase classname="test_axi4_lite_slave" name="test_partial_byte_write" time="0.016"><properties><property name="cocotb" value="True" /><property name="random_seed" value="1789236446" /><property name="file" value="C:\AXI4_lite\TB\cocotb_tb\test_axi4_lite_slave.py" /><property name="line" value="105" /><property name="sim_time_unit" value="ns" /><property name="sim_time_start" value="430.001" /><property name="sim_time_stop" value="620.001" /><property name="sim_time_duration" value="190.0" /><property name="sim_time_ratio" value="11874.999997580744" /></properties></testcase><testcase classname="test_axi4_lite_slave" name="test_back_to_back_writes" time="0.000"><properties><property name="cocotb" value="True" /><property name="random_seed" value="1789236446" /><property name="file" value="C:\AXI4_lite\TB\cocotb_tb\test_axi4_lite_slave.py" /><property name="line" value="122" /><property name="sim_time_unit" value="ns" /><property name="sim_time_start" value="620.002" /><property name="sim_time_stop" value="860.002" /><property name="sim_time_duration" value="240.0" /><property name="sim_time_ratio" value="inf" /></properties></testcase><testcase classname="test_axi4_lite_slave" name="test_unaligned_address" time="0.000"><properties><property name="cocotb" value="True" /><property name="random_seed" value="1789236446" /><property name="file" value="C:\AXI4_lite\TB\cocotb_tb\test_axi4_lite_slave.py" /><property name="line" value="141" /><property name="sim_time_unit" value="ns" /><property name="sim_time_start" value="860.003" /><property name="sim_time_stop" value="1000.003" /><property name="sim_time_duration" value="140.0" /><property name="sim_time_ratio" value="inf" /></properties></testcase></testsuite></testsuites>